<?xml version="1.0" encoding="UTF-8"?>
<!-- Generated by org.testng.reporters.JUnitXMLReporter -->
<testsuite ignored="0" hostname="Chuchierrez" failures="0" tests="1" name="Test2" time="41.3" errors="0" timestamp="2020-05-03T16:56:13 CEST">
  <testcase classname="com.nopcommerce.testCases.BaseClass" name="@AfterClass tearDown" time="0.399">
    <failure type="org.openqa.selenium.WebDriverException" message="Failed to decode response from marionette
Build info: version: &amp;apos;4.0.0-alpha-5&amp;apos;, revision: &amp;apos;b3a0d621cc&amp;apos;
System info: host: &amp;apos;CHUCHIERREZ&amp;apos;, ip: &amp;apos;192.168.1.42&amp;apos;, os.name: &amp;apos;Windows 10&amp;apos;, os.arch: &amp;apos;amd64&amp;apos;, os.version: &amp;apos;10.0&amp;apos;, java.version: &amp;apos;13.0.2&amp;apos;
Driver info: org.openqa.selenium.firefox.FirefoxDriver
Capabilities {acceptInsecureCerts: true, browserName: firefox, browserVersion: 75.0, javascriptEnabled: true, moz:accessibilityChecks: false, moz:buildID: 20200403170909, moz:geckodriverVersion: 0.26.0, moz:headless: false, moz:processID: 6892, moz:profile: C:\Users\Jesus\AppData\Loca..., moz:shutdownTimeout: 60000, moz:useNonSpecCompliantPointerOrigin: false, moz:webdriverClick: true, pageLoadStrategy: normal, platform: WINDOWS, platformName: WINDOWS, platformVersion: 10.0, rotatable: false, setWindowRect: true, strictFileInteractability: false, timeouts: {implicit: 0, pageLoad: 300000, script: 30000}, unhandledPromptBehavior: dismiss and notify}
Session ID: 7e795b2f-7ef7-4372-ac32-b8ef6c0a95c4">
      <![CDATA[org.openqa.selenium.WebDriverException: Failed to decode response from marionette
Build info: version: '4.0.0-alpha-5', revision: 'b3a0d621cc'
System info: host: 'CHUCHIERREZ', ip: '192.168.1.42', os.name: 'Windows 10', os.arch: 'amd64', os.version: '10.0', java.version: '13.0.2'
Driver info: org.openqa.selenium.firefox.FirefoxDriver
Capabilities {acceptInsecureCerts: true, browserName: firefox, browserVersion: 75.0, javascriptEnabled: true, moz:accessibilityChecks: false, moz:buildID: 20200403170909, moz:geckodriverVersion: 0.26.0, moz:headless: false, moz:processID: 6892, moz:profile: C:\Users\Jesus\AppData\Loca..., moz:shutdownTimeout: 60000, moz:useNonSpecCompliantPointerOrigin: false, moz:webdriverClick: true, pageLoadStrategy: normal, platform: WINDOWS, platformName: WINDOWS, platformVersion: 10.0, rotatable: false, setWindowRect: true, strictFileInteractability: false, timeouts: {implicit: 0, pageLoad: 300000, script: 30000}, unhandledPromptBehavior: dismiss and notify}
Session ID: 7e795b2f-7ef7-4372-ac32-b8ef6c0a95c4
at org.openqa.selenium.remote.codec.w3c.W3CHttpResponseCodec.createException(W3CHttpResponseCodec.java:196)
at org.openqa.selenium.remote.codec.w3c.W3CHttpResponseCodec.decode(W3CHttpResponseCodec.java:129)
at org.openqa.selenium.remote.codec.w3c.W3CHttpResponseCodec.decode(W3CHttpResponseCodec.java:53)
at org.openqa.selenium.remote.HttpCommandExecutor.execute(HttpCommandExecutor.java:161)
at org.openqa.selenium.remote.service.DriverCommandExecutor.execute(DriverCommandExecutor.java:83)
at org.openqa.selenium.remote.RemoteWebDriver.execute(RemoteWebDriver.java:582)
at org.openqa.selenium.remote.RemoteWebDriver.execute(RemoteWebDriver.java:639)
at org.openqa.selenium.remote.RemoteWebDriver.execute(RemoteWebDriver.java:643)
at org.openqa.selenium.remote.RemoteWebDriver.quit(RemoteWebDriver.java:479)
at com.nopcommerce.testCases.BaseClass.tearDown(BaseClass.java:82)
at java.base/java.util.ArrayList.forEach(ArrayList.java:1507)
... Removed 30 stack frames]]>
    </failure>
  </testcase> <!-- @AfterClass tearDown -->
  <testcase classname="com.nopcommerce.testCases.TC_ExportCustomer_005" name="exportCustomer" time="29.49"/>
</testsuite> <!-- Test2 -->
